The target system is: PICO -  - cortex-m0plus
The host system is: Darwin - 25.0.0 - arm64
Compiling the C compiler identification source file "CMakeCCompilerId.c" succeeded.
Compiler: /Applications/ArmGNUToolchain/14.3.rel1/arm-none-eabi/bin/arm-none-eabi-gcc 
Build flags: ;-mcpu=cortex-m0plus;-mthumb
Id flags: -c 

The output was:
0


Compilation of the C compiler identification source "CMakeCCompilerId.c" produced "CMakeCCompilerId.o"

The C compiler identification is GNU, found in "/Users/fedurca/het68/het68/build/CMakeFiles/3.24.3/CompilerIdC/CMakeCCompilerId.o"

Compiling the CXX compiler identification source file "CMakeCXXCompilerId.cpp" succeeded.
Compiler: /Applications/ArmGNUToolchain/14.3.rel1/arm-none-eabi/bin/arm-none-eabi-g++ 
Build flags: ;-mcpu=cortex-m0plus;-mthumb
Id flags: -c 

The output was:
0


Compilation of the CXX compiler identification source "CMakeCXXCompilerId.cpp" produced "CMakeCXXCompilerId.o"

The CXX compiler identification is GNU, found in "/Users/fedurca/het68/het68/build/CMakeFiles/3.24.3/CompilerIdCXX/CMakeCXXCompilerId.o"

Checking whether the ASM compiler is GNU using "--version" matched "(GNU assembler)|(GCC)|(Free Software Foundation)":
arm-none-eabi-gcc (Arm GNU Toolchain 14.3.Rel1 (Build arm-14.174)) 14.3.1 20250623
Copyright (C) 2024 Free Software Foundation, Inc.
This is free software; see the source for copying conditions.  There is NO
warranty; not even for MERCHANTABILITY or FITNESS FOR A PARTICULAR PURPOSE.

Detecting C compiler ABI info compiled with the following output:
Change Dir: /Users/fedurca/het68/het68/build/CMakeFiles/CMakeTmp

Run Build Command(s):/usr/bin/make -f Makefile cmTC_48bcb/fast && /Library/Developer/CommandLineTools/usr/bin/make  -f CMakeFiles/cmTC_48bcb.dir/build.make CMakeFiles/cmTC_48bcb.dir/build
Building C object CMakeFiles/cmTC_48bcb.dir/CMakeCCompilerABI.c.o
/Applications/ArmGNUToolchain/14.3.rel1/arm-none-eabi/bin/arm-none-eabi-gcc   -mcpu=cortex-m0plus -mthumb    -v -o CMakeFiles/cmTC_48bcb.dir/CMakeCCompilerABI.c.o -c /opt/local/share/cmake-3.24/Modules/CMakeCCompilerABI.c
Using built-in specs.
COLLECT_GCC=/Applications/ArmGNUToolchain/14.3.rel1/arm-none-eabi/bin/arm-none-eabi-gcc
Target: arm-none-eabi
Configured with: /Volumes/data/jenkins/workspace/GNU-toolchain/arm-14/src/gcc/configure --target=arm-none-eabi --prefix=/Volumes/data/jenkins/workspace/GNU-toolchain/arm-14/build-arm-none-eabi/install --with-gmp=/Volumes/data/jenkins/workspace/GNU-toolchain/arm-14/build-arm-none-eabi/host-tools --with-mpfr=/Volumes/data/jenkins/workspace/GNU-toolchain/arm-14/build-arm-none-eabi/host-tools --with-mpc=/Volumes/data/jenkins/workspace/GNU-toolchain/arm-14/build-arm-none-eabi/host-tools --with-isl=/Volumes/data/jenkins/workspace/GNU-toolchain/arm-14/build-arm-none-eabi/host-tools --disable-shared --disable-nls --disable-threads --disable-tls --enable-checking=release --enable-languages=c,c++,fortran --with-newlib --with-gnu-as --with-headers=yes --with-gnu-ld --with-native-system-header-dir=/include --with-sysroot=/Volumes/data/jenkins/workspace/GNU-toolchain/arm-14/build-arm-none-eabi/install/arm-none-eabi --with-bugurl=https://bugs.linaro.org/ --with-multilib-list=aprofile,rmprofile --with-pkgversion='Arm GNU Toolchain 14.3.Rel1 (Build arm-14.174)'
Thread model: single
Supported LTO compression algorithms: zlib
gcc version 14.3.1 20250623 (Arm GNU Toolchain 14.3.Rel1 (Build arm-14.174)) 
COLLECT_GCC_OPTIONS='-mcpu=cortex-m0plus' '-mthumb' '-v' '-o' 'CMakeFiles/cmTC_48bcb.dir/CMakeCCompilerABI.c.o' '-c' '-mfloat-abi=soft' '-mlibarch=armv6s-m' '-march=armv6s-m' '-dumpdir' 'CMakeFiles/cmTC_48bcb.dir/'
 /Applications/ArmGNUToolchain/14.3.rel1/arm-none-eabi/bin/../libexec/gcc/arm-none-eabi/14.3.1/cc1 -quiet -v -imultilib thumb/v6-m/nofp -iprefix /Applications/ArmGNUToolchain/14.3.rel1/arm-none-eabi/bin/../lib/gcc/arm-none-eabi/14.3.1/ -isysroot /Applications/ArmGNUToolchain/14.3.rel1/arm-none-eabi/bin/../arm-none-eabi -D__USES_INITFINI__ /opt/local/share/cmake-3.24/Modules/CMakeCCompilerABI.c -quiet -dumpdir CMakeFiles/cmTC_48bcb.dir/ -dumpbase CMakeCCompilerABI.c.c -dumpbase-ext .c -mcpu=cortex-m0plus -mthumb -mfloat-abi=soft -mlibarch=armv6s-m -march=armv6s-m -version -o /var/folders/vh/dlgmkt8x7db54sbrj831vn6m0000gn/T//ccXCJoHr.s
GNU C17 (Arm GNU Toolchain 14.3.Rel1 (Build arm-14.174)) version 14.3.1 20250623 (arm-none-eabi)
	compiled by GNU C version Apple LLVM 13.0.0 (clang-1300.0.29.30), GMP version 6.2.1, MPFR version 3.1.6, MPC version 1.0.3, isl version isl-0.15-1-g835ea3a-GMP

GGC heuristics: --param ggc-min-expand=100 --param ggc-min-heapsize=131072
ignoring duplicate directory "/Applications/ArmGNUToolchain/14.3.rel1/arm-none-eabi/bin/../lib/gcc/../../lib/gcc/arm-none-eabi/14.3.1/include"
ignoring nonexistent directory "/Applications/ArmGNUToolchain/14.3.rel1/arm-none-eabi/bin/../arm-none-eabi/usr/local/include"
ignoring duplicate directory "/Applications/ArmGNUToolchain/14.3.rel1/arm-none-eabi/bin/../lib/gcc/../../lib/gcc/arm-none-eabi/14.3.1/include-fixed"
ignoring duplicate directory "/Applications/ArmGNUToolchain/14.3.rel1/arm-none-eabi/bin/../lib/gcc/../../lib/gcc/arm-none-eabi/14.3.1/../../../../arm-none-eabi/include"
ignoring duplicate directory "/Applications/ArmGNUToolchain/14.3.rel1/arm-none-eabi/bin/../arm-none-eabi/include"
#include "..." search starts here:
#include <...> search starts here:
 /Applications/ArmGNUToolchain/14.3.rel1/arm-none-eabi/bin/../lib/gcc/arm-none-eabi/14.3.1/include
 /Applications/ArmGNUToolchain/14.3.rel1/arm-none-eabi/bin/../lib/gcc/arm-none-eabi/14.3.1/include-fixed
 /Applications/ArmGNUToolchain/14.3.rel1/arm-none-eabi/bin/../lib/gcc/arm-none-eabi/14.3.1/../../../../arm-none-eabi/include
End of search list.
Compiler executable checksum: aca30029d367fa55c13cdf31776e198b
COLLECT_GCC_OPTIONS='-mcpu=cortex-m0plus' '-mthumb' '-v' '-o' 'CMakeFiles/cmTC_48bcb.dir/CMakeCCompilerABI.c.o' '-c' '-mfloat-abi=soft' '-mlibarch=armv6s-m' '-march=armv6s-m' '-dumpdir' 'CMakeFiles/cmTC_48bcb.dir/'
 /Applications/ArmGNUToolchain/14.3.rel1/arm-none-eabi/bin/../lib/gcc/arm-none-eabi/14.3.1/../../../../arm-none-eabi/bin/as -v -march=armv6s-m -mfloat-abi=soft -meabi=5 -o CMakeFiles/cmTC_48bcb.dir/CMakeCCompilerABI.c.o /var/folders/vh/dlgmkt8x7db54sbrj831vn6m0000gn/T//ccXCJoHr.s
GNU assembler version 2.44.0 (arm-none-eabi) using BFD version (Arm GNU Toolchain 14.3.Rel1 (Build arm-14.174)) 2.44.0.20250616
COMPILER_PATH=/Applications/ArmGNUToolchain/14.3.rel1/arm-none-eabi/bin/../libexec/gcc/arm-none-eabi/14.3.1/:/Applications/ArmGNUToolchain/14.3.rel1/arm-none-eabi/bin/../libexec/gcc/:/Applications/ArmGNUToolchain/14.3.rel1/arm-none-eabi/bin/../lib/gcc/arm-none-eabi/14.3.1/../../../../arm-none-eabi/bin/
LIBRARY_PATH=/Applications/ArmGNUToolchain/14.3.rel1/arm-none-eabi/bin/../lib/gcc/arm-none-eabi/14.3.1/thumb/v6-m/nofp/:/Applications/ArmGNUToolchain/14.3.rel1/arm-none-eabi/bin/../lib/gcc/arm-none-eabi/14.3.1/../../../../arm-none-eabi/lib/thumb/v6-m/nofp/:/Applications/ArmGNUToolchain/14.3.rel1/arm-none-eabi/bin/../arm-none-eabi/lib/thumb/v6-m/nofp/:/Applications/ArmGNUToolchain/14.3.rel1/arm-none-eabi/bin/../lib/gcc/arm-none-eabi/14.3.1/:/Applications/ArmGNUToolchain/14.3.rel1/arm-none-eabi/bin/../lib/gcc/:/Applications/ArmGNUToolchain/14.3.rel1/arm-none-eabi/bin/../lib/gcc/arm-none-eabi/14.3.1/../../../../arm-none-eabi/lib/:/Applications/ArmGNUToolchain/14.3.rel1/arm-none-eabi/bin/../arm-none-eabi/lib/
COLLECT_GCC_OPTIONS='-mcpu=cortex-m0plus' '-mthumb' '-v' '-o' 'CMakeFiles/cmTC_48bcb.dir/CMakeCCompilerABI.c.o' '-c' '-mfloat-abi=soft' '-mlibarch=armv6s-m' '-march=armv6s-m' '-dumpdir' 'CMakeFiles/cmTC_48bcb.dir/CMakeCCompilerABI.c.'
Linking C executable cmTC_48bcb.elf
/opt/local/bin/cmake -E cmake_link_script CMakeFiles/cmTC_48bcb.dir/link.txt --verbose=1
/Applications/ArmGNUToolchain/14.3.rel1/arm-none-eabi/bin/arm-none-eabi-gcc -mcpu=cortex-m0plus -mthumb  -Wl,--build-id=none -nostdlib  -v CMakeFiles/cmTC_48bcb.dir/CMakeCCompilerABI.c.o -o cmTC_48bcb.elf 
Using built-in specs.
COLLECT_GCC=/Applications/ArmGNUToolchain/14.3.rel1/arm-none-eabi/bin/arm-none-eabi-gcc
COLLECT_LTO_WRAPPER=/Applications/ArmGNUToolchain/14.3.rel1/arm-none-eabi/bin/../libexec/gcc/arm-none-eabi/14.3.1/lto-wrapper
Target: arm-none-eabi
Configured with: /Volumes/data/jenkins/workspace/GNU-toolchain/arm-14/src/gcc/configure --target=arm-none-eabi --prefix=/Volumes/data/jenkins/workspace/GNU-toolchain/arm-14/build-arm-none-eabi/install --with-gmp=/Volumes/data/jenkins/workspace/GNU-toolchain/arm-14/build-arm-none-eabi/host-tools --with-mpfr=/Volumes/data/jenkins/workspace/GNU-toolchain/arm-14/build-arm-none-eabi/host-tools --with-mpc=/Volumes/data/jenkins/workspace/GNU-toolchain/arm-14/build-arm-none-eabi/host-tools --with-isl=/Volumes/data/jenkins/workspace/GNU-toolchain/arm-14/build-arm-none-eabi/host-tools --disable-shared --disable-nls --disable-threads --disable-tls --enable-checking=release --enable-languages=c,c++,fortran --with-newlib --with-gnu-as --with-headers=yes --with-gnu-ld --with-native-system-header-dir=/include --with-sysroot=/Volumes/data/jenkins/workspace/GNU-toolchain/arm-14/build-arm-none-eabi/install/arm-none-eabi --with-bugurl=https://bugs.linaro.org/ --with-multilib-list=aprofile,rmprofile --with-pkgversion='Arm GNU Toolchain 14.3.Rel1 (Build arm-14.174)'
Thread model: single
Supported LTO compression algorithms: zlib
gcc version 14.3.1 20250623 (Arm GNU Toolchain 14.3.Rel1 (Build arm-14.174)) 
COMPILER_PATH=/Applications/ArmGNUToolchain/14.3.rel1/arm-none-eabi/bin/../libexec/gcc/arm-none-eabi/14.3.1/:/Applications/ArmGNUToolchain/14.3.rel1/arm-none-eabi/bin/../libexec/gcc/:/Applications/ArmGNUToolchain/14.3.rel1/arm-none-eabi/bin/../lib/gcc/arm-none-eabi/14.3.1/../../../../arm-none-eabi/bin/
LIBRARY_PATH=/Applications/ArmGNUToolchain/14.3.rel1/arm-none-eabi/bin/../lib/gcc/arm-none-eabi/14.3.1/thumb/v6-m/nofp/:/Applications/ArmGNUToolchain/14.3.rel1/arm-none-eabi/bin/../lib/gcc/arm-none-eabi/14.3.1/../../../../arm-none-eabi/lib/thumb/v6-m/nofp/:/Applications/ArmGNUToolchain/14.3.rel1/arm-none-eabi/bin/../arm-none-eabi/lib/thumb/v6-m/nofp/:/Applications/ArmGNUToolchain/14.3.rel1/arm-none-eabi/bin/../lib/gcc/arm-none-eabi/14.3.1/:/Applications/ArmGNUToolchain/14.3.rel1/arm-none-eabi/bin/../lib/gcc/:/Applications/ArmGNUToolchain/14.3.rel1/arm-none-eabi/bin/../lib/gcc/arm-none-eabi/14.3.1/../../../../arm-none-eabi/lib/:/Applications/ArmGNUToolchain/14.3.rel1/arm-none-eabi/bin/../arm-none-eabi/lib/
COLLECT_GCC_OPTIONS='-mcpu=cortex-m0plus' '-mthumb' '-nostdlib' '-v' '-o' 'cmTC_48bcb.elf' '-mfloat-abi=soft' '-mlibarch=armv6s-m' '-march=armv6s-m' '-dumpdir' 'cmTC_48bcb.elf.'
 /Applications/ArmGNUToolchain/14.3.rel1/arm-none-eabi/bin/../libexec/gcc/arm-none-eabi/14.3.1/collect2 -plugin /Applications/ArmGNUToolchain/14.3.rel1/arm-none-eabi/bin/../libexec/gcc/arm-none-eabi/14.3.1/liblto_plugin.so -plugin-opt=/Applications/ArmGNUToolchain/14.3.rel1/arm-none-eabi/bin/../libexec/gcc/arm-none-eabi/14.3.1/lto-wrapper -plugin-opt=-fresolution=/var/folders/vh/dlgmkt8x7db54sbrj831vn6m0000gn/T//ccomZiMP.res --sysroot=/Applications/ArmGNUToolchain/14.3.rel1/arm-none-eabi/bin/../arm-none-eabi -X -o cmTC_48bcb.elf -L/Applications/ArmGNUToolchain/14.3.rel1/arm-none-eabi/bin/../lib/gcc/arm-none-eabi/14.3.1/thumb/v6-m/nofp -L/Applications/ArmGNUToolchain/14.3.rel1/arm-none-eabi/bin/../lib/gcc/arm-none-eabi/14.3.1/../../../../arm-none-eabi/lib/thumb/v6-m/nofp -L/Applications/ArmGNUToolchain/14.3.rel1/arm-none-eabi/bin/../arm-none-eabi/lib/thumb/v6-m/nofp -L/Applications/ArmGNUToolchain/14.3.rel1/arm-none-eabi/bin/../lib/gcc/arm-none-eabi/14.3.1 -L/Applications/ArmGNUToolchain/14.3.rel1/arm-none-eabi/bin/../lib/gcc -L/Applications/ArmGNUToolchain/14.3.rel1/arm-none-eabi/bin/../lib/gcc/arm-none-eabi/14.3.1/../../../../arm-none-eabi/lib -L/Applications/ArmGNUToolchain/14.3.rel1/arm-none-eabi/bin/../arm-none-eabi/lib --build-id=none CMakeFiles/cmTC_48bcb.dir/CMakeCCompilerABI.c.o
/Applications/ArmGNUToolchain/14.3.rel1/arm-none-eabi/bin/../lib/gcc/arm-none-eabi/14.3.1/../../../../arm-none-eabi/bin/ld: warning: cannot find entry symbol _start; defaulting to 00008000
COLLECT_GCC_OPTIONS='-mcpu=cortex-m0plus' '-mthumb' '-nostdlib' '-v' '-o' 'cmTC_48bcb.elf' '-mfloat-abi=soft' '-mlibarch=armv6s-m' '-march=armv6s-m' '-dumpdir' 'cmTC_48bcb.elf.'



Parsed C implicit include dir info from above output: rv=done
  found start of include info
  found start of implicit include info
    add: [/Applications/ArmGNUToolchain/14.3.rel1/arm-none-eabi/bin/../lib/gcc/arm-none-eabi/14.3.1/include]
    add: [/Applications/ArmGNUToolchain/14.3.rel1/arm-none-eabi/bin/../lib/gcc/arm-none-eabi/14.3.1/include-fixed]
    add: [/Applications/ArmGNUToolchain/14.3.rel1/arm-none-eabi/bin/../lib/gcc/arm-none-eabi/14.3.1/../../../../arm-none-eabi/include]
  end of search list found
  collapse include dir [/Applications/ArmGNUToolchain/14.3.rel1/arm-none-eabi/bin/../lib/gcc/arm-none-eabi/14.3.1/include] ==> [/Applications/ArmGNUToolchain/14.3.rel1/arm-none-eabi/lib/gcc/arm-none-eabi/14.3.1/include]
  collapse include dir [/Applications/ArmGNUToolchain/14.3.rel1/arm-none-eabi/bin/../lib/gcc/arm-none-eabi/14.3.1/include-fixed] ==> [/Applications/ArmGNUToolchain/14.3.rel1/arm-none-eabi/lib/gcc/arm-none-eabi/14.3.1/include-fixed]
  collapse include dir [/Applications/ArmGNUToolchain/14.3.rel1/arm-none-eabi/bin/../lib/gcc/arm-none-eabi/14.3.1/../../../../arm-none-eabi/include] ==> [/Applications/ArmGNUToolchain/14.3.rel1/arm-none-eabi/arm-none-eabi/include]
  implicit include dirs: [/Applications/ArmGNUToolchain/14.3.rel1/arm-none-eabi/lib/gcc/arm-none-eabi/14.3.1/include;/Applications/ArmGNUToolchain/14.3.rel1/arm-none-eabi/lib/gcc/arm-none-eabi/14.3.1/include-fixed;/Applications/ArmGNUToolchain/14.3.rel1/arm-none-eabi/arm-none-eabi/include]


Parsed C implicit link information from above output:
  link line regex: [^( *|.*[/\])(arm-none-eabi-ld|CMAKE_LINK_STARTFILE-NOTFOUND|([^/\]+-)?ld|collect2)[^/\]*( |$)]
  ignore line: [Change Dir: /Users/fedurca/het68/het68/build/CMakeFiles/CMakeTmp]
  ignore line: []
  ignore line: [Run Build Command(s):/usr/bin/make -f Makefile cmTC_48bcb/fast && /Library/Developer/CommandLineTools/usr/bin/make  -f CMakeFiles/cmTC_48bcb.dir/build.make CMakeFiles/cmTC_48bcb.dir/build]
  ignore line: [Building C object CMakeFiles/cmTC_48bcb.dir/CMakeCCompilerABI.c.o]
  ignore line: [/Applications/ArmGNUToolchain/14.3.rel1/arm-none-eabi/bin/arm-none-eabi-gcc   -mcpu=cortex-m0plus -mthumb    -v -o CMakeFiles/cmTC_48bcb.dir/CMakeCCompilerABI.c.o -c /opt/local/share/cmake-3.24/Modules/CMakeCCompilerABI.c]
  ignore line: [Using built-in specs.]
  ignore line: [COLLECT_GCC=/Applications/ArmGNUToolchain/14.3.rel1/arm-none-eabi/bin/arm-none-eabi-gcc]
  ignore line: [Target: arm-none-eabi]
  ignore line: [Configured with: /Volumes/data/jenkins/workspace/GNU-toolchain/arm-14/src/gcc/configure --target=arm-none-eabi --prefix=/Volumes/data/jenkins/workspace/GNU-toolchain/arm-14/build-arm-none-eabi/install --with-gmp=/Volumes/data/jenkins/workspace/GNU-toolchain/arm-14/build-arm-none-eabi/host-tools --with-mpfr=/Volumes/data/jenkins/workspace/GNU-toolchain/arm-14/build-arm-none-eabi/host-tools --with-mpc=/Volumes/data/jenkins/workspace/GNU-toolchain/arm-14/build-arm-none-eabi/host-tools --with-isl=/Volumes/data/jenkins/workspace/GNU-toolchain/arm-14/build-arm-none-eabi/host-tools --disable-shared --disable-nls --disable-threads --disable-tls --enable-checking=release --enable-languages=c,c++,fortran --with-newlib --with-gnu-as --with-headers=yes --with-gnu-ld --with-native-system-header-dir=/include --with-sysroot=/Volumes/data/jenkins/workspace/GNU-toolchain/arm-14/build-arm-none-eabi/install/arm-none-eabi --with-bugurl=https://bugs.linaro.org/ --with-multilib-list=aprofile,rmprofile --with-pkgversion='Arm GNU Toolchain 14.3.Rel1 (Build arm-14.174)']
  ignore line: [Thread model: single]
  ignore line: [Supported LTO compression algorithms: zlib]
  ignore line: [gcc version 14.3.1 20250623 (Arm GNU Toolchain 14.3.Rel1 (Build arm-14.174)) ]
  ignore line: [COLLECT_GCC_OPTIONS='-mcpu=cortex-m0plus' '-mthumb' '-v' '-o' 'CMakeFiles/cmTC_48bcb.dir/CMakeCCompilerABI.c.o' '-c' '-mfloat-abi=soft' '-mlibarch=armv6s-m' '-march=armv6s-m' '-dumpdir' 'CMakeFiles/cmTC_48bcb.dir/']
  ignore line: [ /Applications/ArmGNUToolchain/14.3.rel1/arm-none-eabi/bin/../libexec/gcc/arm-none-eabi/14.3.1/cc1 -quiet -v -imultilib thumb/v6-m/nofp -iprefix /Applications/ArmGNUToolchain/14.3.rel1/arm-none-eabi/bin/../lib/gcc/arm-none-eabi/14.3.1/ -isysroot /Applications/ArmGNUToolchain/14.3.rel1/arm-none-eabi/bin/../arm-none-eabi -D__USES_INITFINI__ /opt/local/share/cmake-3.24/Modules/CMakeCCompilerABI.c -quiet -dumpdir CMakeFiles/cmTC_48bcb.dir/ -dumpbase CMakeCCompilerABI.c.c -dumpbase-ext .c -mcpu=cortex-m0plus -mthumb -mfloat-abi=soft -mlibarch=armv6s-m -march=armv6s-m -version -o /var/folders/vh/dlgmkt8x7db54sbrj831vn6m0000gn/T//ccXCJoHr.s]
  ignore line: [GNU C17 (Arm GNU Toolchain 14.3.Rel1 (Build arm-14.174)) version 14.3.1 20250623 (arm-none-eabi)]
  ignore line: [	compiled by GNU C version Apple LLVM 13.0.0 (clang-1300.0.29.30)  GMP version 6.2.1  MPFR version 3.1.6  MPC version 1.0.3  isl version isl-0.15-1-g835ea3a-GMP]
  ignore line: []
  ignore line: [GGC heuristics: --param ggc-min-expand=100 --param ggc-min-heapsize=131072]
  ignore line: [ignoring duplicate directory "/Applications/ArmGNUToolchain/14.3.rel1/arm-none-eabi/bin/../lib/gcc/../../lib/gcc/arm-none-eabi/14.3.1/include"]
  ignore line: [ignoring nonexistent directory "/Applications/ArmGNUToolchain/14.3.rel1/arm-none-eabi/bin/../arm-none-eabi/usr/local/include"]
  ignore line: [ignoring duplicate directory "/Applications/ArmGNUToolchain/14.3.rel1/arm-none-eabi/bin/../lib/gcc/../../lib/gcc/arm-none-eabi/14.3.1/include-fixed"]
  ignore line: [ignoring duplicate directory "/Applications/ArmGNUToolchain/14.3.rel1/arm-none-eabi/bin/../lib/gcc/../../lib/gcc/arm-none-eabi/14.3.1/../../../../arm-none-eabi/include"]
  ignore line: [ignoring duplicate directory "/Applications/ArmGNUToolchain/14.3.rel1/arm-none-eabi/bin/../arm-none-eabi/include"]
  ignore line: [#include "..." search starts here:]
  ignore line: [#include <...> search starts here:]
  ignore line: [ /Applications/ArmGNUToolchain/14.3.rel1/arm-none-eabi/bin/../lib/gcc/arm-none-eabi/14.3.1/include]
  ignore line: [ /Applications/ArmGNUToolchain/14.3.rel1/arm-none-eabi/bin/../lib/gcc/arm-none-eabi/14.3.1/include-fixed]
  ignore line: [ /Applications/ArmGNUToolchain/14.3.rel1/arm-none-eabi/bin/../lib/gcc/arm-none-eabi/14.3.1/../../../../arm-none-eabi/include]
  ignore line: [End of search list.]
  ignore line: [Compiler executable checksum: aca30029d367fa55c13cdf31776e198b]
  ignore line: [COLLECT_GCC_OPTIONS='-mcpu=cortex-m0plus' '-mthumb' '-v' '-o' 'CMakeFiles/cmTC_48bcb.dir/CMakeCCompilerABI.c.o' '-c' '-mfloat-abi=soft' '-mlibarch=armv6s-m' '-march=armv6s-m' '-dumpdir' 'CMakeFiles/cmTC_48bcb.dir/']
  ignore line: [ /Applications/ArmGNUToolchain/14.3.rel1/arm-none-eabi/bin/../lib/gcc/arm-none-eabi/14.3.1/../../../../arm-none-eabi/bin/as -v -march=armv6s-m -mfloat-abi=soft -meabi=5 -o CMakeFiles/cmTC_48bcb.dir/CMakeCCompilerABI.c.o /var/folders/vh/dlgmkt8x7db54sbrj831vn6m0000gn/T//ccXCJoHr.s]
  ignore line: [GNU assembler version 2.44.0 (arm-none-eabi) using BFD version (Arm GNU Toolchain 14.3.Rel1 (Build arm-14.174)) 2.44.0.20250616]
  ignore line: [COMPILER_PATH=/Applications/ArmGNUToolchain/14.3.rel1/arm-none-eabi/bin/../libexec/gcc/arm-none-eabi/14.3.1/:/Applications/ArmGNUToolchain/14.3.rel1/arm-none-eabi/bin/../libexec/gcc/:/Applications/ArmGNUToolchain/14.3.rel1/arm-none-eabi/bin/../lib/gcc/arm-none-eabi/14.3.1/../../../../arm-none-eabi/bin/]
  ignore line: [LIBRARY_PATH=/Applications/ArmGNUToolchain/14.3.rel1/arm-none-eabi/bin/../lib/gcc/arm-none-eabi/14.3.1/thumb/v6-m/nofp/:/Applications/ArmGNUToolchain/14.3.rel1/arm-none-eabi/bin/../lib/gcc/arm-none-eabi/14.3.1/../../../../arm-none-eabi/lib/thumb/v6-m/nofp/:/Applications/ArmGNUToolchain/14.3.rel1/arm-none-eabi/bin/../arm-none-eabi/lib/thumb/v6-m/nofp/:/Applications/ArmGNUToolchain/14.3.rel1/arm-none-eabi/bin/../lib/gcc/arm-none-eabi/14.3.1/:/Applications/ArmGNUToolchain/14.3.rel1/arm-none-eabi/bin/../lib/gcc/:/Applications/ArmGNUToolchain/14.3.rel1/arm-none-eabi/bin/../lib/gcc/arm-none-eabi/14.3.1/../../../../arm-none-eabi/lib/:/Applications/ArmGNUToolchain/14.3.rel1/arm-none-eabi/bin/../arm-none-eabi/lib/]
  ignore line: [COLLECT_GCC_OPTIONS='-mcpu=cortex-m0plus' '-mthumb' '-v' '-o' 'CMakeFiles/cmTC_48bcb.dir/CMakeCCompilerABI.c.o' '-c' '-mfloat-abi=soft' '-mlibarch=armv6s-m' '-march=armv6s-m' '-dumpdir' 'CMakeFiles/cmTC_48bcb.dir/CMakeCCompilerABI.c.']
  ignore line: [Linking C executable cmTC_48bcb.elf]
  ignore line: [/opt/local/bin/cmake -E cmake_link_script CMakeFiles/cmTC_48bcb.dir/link.txt --verbose=1]
  ignore line: [/Applications/ArmGNUToolchain/14.3.rel1/arm-none-eabi/bin/arm-none-eabi-gcc -mcpu=cortex-m0plus -mthumb  -Wl --build-id=none -nostdlib  -v CMakeFiles/cmTC_48bcb.dir/CMakeCCompilerABI.c.o -o cmTC_48bcb.elf ]
  ignore line: [Using built-in specs.]
  ignore line: [COLLECT_GCC=/Applications/ArmGNUToolchain/14.3.rel1/arm-none-eabi/bin/arm-none-eabi-gcc]
  ignore line: [COLLECT_LTO_WRAPPER=/Applications/ArmGNUToolchain/14.3.rel1/arm-none-eabi/bin/../libexec/gcc/arm-none-eabi/14.3.1/lto-wrapper]
  ignore line: [Target: arm-none-eabi]
  ignore line: [Configured with: /Volumes/data/jenkins/workspace/GNU-toolchain/arm-14/src/gcc/configure --target=arm-none-eabi --prefix=/Volumes/data/jenkins/workspace/GNU-toolchain/arm-14/build-arm-none-eabi/install --with-gmp=/Volumes/data/jenkins/workspace/GNU-toolchain/arm-14/build-arm-none-eabi/host-tools --with-mpfr=/Volumes/data/jenkins/workspace/GNU-toolchain/arm-14/build-arm-none-eabi/host-tools --with-mpc=/Volumes/data/jenkins/workspace/GNU-toolchain/arm-14/build-arm-none-eabi/host-tools --with-isl=/Volumes/data/jenkins/workspace/GNU-toolchain/arm-14/build-arm-none-eabi/host-tools --disable-shared --disable-nls --disable-threads --disable-tls --enable-checking=release --enable-languages=c,c++,fortran --with-newlib --with-gnu-as --with-headers=yes --with-gnu-ld --with-native-system-header-dir=/include --with-sysroot=/Volumes/data/jenkins/workspace/GNU-toolchain/arm-14/build-arm-none-eabi/install/arm-none-eabi --with-bugurl=https://bugs.linaro.org/ --with-multilib-list=aprofile,rmprofile --with-pkgversion='Arm GNU Toolchain 14.3.Rel1 (Build arm-14.174)']
  ignore line: [Thread model: single]
  ignore line: [Supported LTO compression algorithms: zlib]
  ignore line: [gcc version 14.3.1 20250623 (Arm GNU Toolchain 14.3.Rel1 (Build arm-14.174)) ]
  ignore line: [COMPILER_PATH=/Applications/ArmGNUToolchain/14.3.rel1/arm-none-eabi/bin/../libexec/gcc/arm-none-eabi/14.3.1/:/Applications/ArmGNUToolchain/14.3.rel1/arm-none-eabi/bin/../libexec/gcc/:/Applications/ArmGNUToolchain/14.3.rel1/arm-none-eabi/bin/../lib/gcc/arm-none-eabi/14.3.1/../../../../arm-none-eabi/bin/]
  ignore line: [LIBRARY_PATH=/Applications/ArmGNUToolchain/14.3.rel1/arm-none-eabi/bin/../lib/gcc/arm-none-eabi/14.3.1/thumb/v6-m/nofp/:/Applications/ArmGNUToolchain/14.3.rel1/arm-none-eabi/bin/../lib/gcc/arm-none-eabi/14.3.1/../../../../arm-none-eabi/lib/thumb/v6-m/nofp/:/Applications/ArmGNUToolchain/14.3.rel1/arm-none-eabi/bin/../arm-none-eabi/lib/thumb/v6-m/nofp/:/Applications/ArmGNUToolchain/14.3.rel1/arm-none-eabi/bin/../lib/gcc/arm-none-eabi/14.3.1/:/Applications/ArmGNUToolchain/14.3.rel1/arm-none-eabi/bin/../lib/gcc/:/Applications/ArmGNUToolchain/14.3.rel1/arm-none-eabi/bin/../lib/gcc/arm-none-eabi/14.3.1/../../../../arm-none-eabi/lib/:/Applications/ArmGNUToolchain/14.3.rel1/arm-none-eabi/bin/../arm-none-eabi/lib/]
  ignore line: [COLLECT_GCC_OPTIONS='-mcpu=cortex-m0plus' '-mthumb' '-nostdlib' '-v' '-o' 'cmTC_48bcb.elf' '-mfloat-abi=soft' '-mlibarch=armv6s-m' '-march=armv6s-m' '-dumpdir' 'cmTC_48bcb.elf.']
  link line: [ /Applications/ArmGNUToolchain/14.3.rel1/arm-none-eabi/bin/../libexec/gcc/arm-none-eabi/14.3.1/collect2 -plugin /Applications/ArmGNUToolchain/14.3.rel1/arm-none-eabi/bin/../libexec/gcc/arm-none-eabi/14.3.1/liblto_plugin.so -plugin-opt=/Applications/ArmGNUToolchain/14.3.rel1/arm-none-eabi/bin/../libexec/gcc/arm-none-eabi/14.3.1/lto-wrapper -plugin-opt=-fresolution=/var/folders/vh/dlgmkt8x7db54sbrj831vn6m0000gn/T//ccomZiMP.res --sysroot=/Applications/ArmGNUToolchain/14.3.rel1/arm-none-eabi/bin/../arm-none-eabi -X -o cmTC_48bcb.elf -L/Applications/ArmGNUToolchain/14.3.rel1/arm-none-eabi/bin/../lib/gcc/arm-none-eabi/14.3.1/thumb/v6-m/nofp -L/Applications/ArmGNUToolchain/14.3.rel1/arm-none-eabi/bin/../lib/gcc/arm-none-eabi/14.3.1/../../../../arm-none-eabi/lib/thumb/v6-m/nofp -L/Applications/ArmGNUToolchain/14.3.rel1/arm-none-eabi/bin/../arm-none-eabi/lib/thumb/v6-m/nofp -L/Applications/ArmGNUToolchain/14.3.rel1/arm-none-eabi/bin/../lib/gcc/arm-none-eabi/14.3.1 -L/Applications/ArmGNUToolchain/14.3.rel1/arm-none-eabi/bin/../lib/gcc -L/Applications/ArmGNUToolchain/14.3.rel1/arm-none-eabi/bin/../lib/gcc/arm-none-eabi/14.3.1/../../../../arm-none-eabi/lib -L/Applications/ArmGNUToolchain/14.3.rel1/arm-none-eabi/bin/../arm-none-eabi/lib --build-id=none CMakeFiles/cmTC_48bcb.dir/CMakeCCompilerABI.c.o]
    arg [/Applications/ArmGNUToolchain/14.3.rel1/arm-none-eabi/bin/../libexec/gcc/arm-none-eabi/14.3.1/collect2] ==> ignore
    arg [-plugin] ==> ignore
    arg [/Applications/ArmGNUToolchain/14.3.rel1/arm-none-eabi/bin/../libexec/gcc/arm-none-eabi/14.3.1/liblto_plugin.so] ==> ignore
    arg [-plugin-opt=/Applications/ArmGNUToolchain/14.3.rel1/arm-none-eabi/bin/../libexec/gcc/arm-none-eabi/14.3.1/lto-wrapper] ==> ignore
    arg [-plugin-opt=-fresolution=/var/folders/vh/dlgmkt8x7db54sbrj831vn6m0000gn/T//ccomZiMP.res] ==> ignore
    arg [--sysroot=/Applications/ArmGNUToolchain/14.3.rel1/arm-none-eabi/bin/../arm-none-eabi] ==> ignore
    arg [-X] ==> ignore
    arg [-o] ==> ignore
    arg [cmTC_48bcb.elf] ==> ignore
    arg [-L/Applications/ArmGNUToolchain/14.3.rel1/arm-none-eabi/bin/../lib/gcc/arm-none-eabi/14.3.1/thumb/v6-m/nofp] ==> dir [/Applications/ArmGNUToolchain/14.3.rel1/arm-none-eabi/bin/../lib/gcc/arm-none-eabi/14.3.1/thumb/v6-m/nofp]
    arg [-L/Applications/ArmGNUToolchain/14.3.rel1/arm-none-eabi/bin/../lib/gcc/arm-none-eabi/14.3.1/../../../../arm-none-eabi/lib/thumb/v6-m/nofp] ==> dir [/Applications/ArmGNUToolchain/14.3.rel1/arm-none-eabi/bin/../lib/gcc/arm-none-eabi/14.3.1/../../../../arm-none-eabi/lib/thumb/v6-m/nofp]
    arg [-L/Applications/ArmGNUToolchain/14.3.rel1/arm-none-eabi/bin/../arm-none-eabi/lib/thumb/v6-m/nofp] ==> dir [/Applications/ArmGNUToolchain/14.3.rel1/arm-none-eabi/bin/../arm-none-eabi/lib/thumb/v6-m/nofp]
    arg [-L/Applications/ArmGNUToolchain/14.3.rel1/arm-none-eabi/bin/../lib/gcc/arm-none-eabi/14.3.1] ==> dir [/Applications/ArmGNUToolchain/14.3.rel1/arm-none-eabi/bin/../lib/gcc/arm-none-eabi/14.3.1]
    arg [-L/Applications/ArmGNUToolchain/14.3.rel1/arm-none-eabi/bin/../lib/gcc] ==> dir [/Applications/ArmGNUToolchain/14.3.rel1/arm-none-eabi/bin/../lib/gcc]
    arg [-L/Applications/ArmGNUToolchain/14.3.rel1/arm-none-eabi/bin/../lib/gcc/arm-none-eabi/14.3.1/../../../../arm-none-eabi/lib] ==> dir [/Applications/ArmGNUToolchain/14.3.rel1/arm-none-eabi/bin/../lib/gcc/arm-none-eabi/14.3.1/../../../../arm-none-eabi/lib]
    arg [-L/Applications/ArmGNUToolchain/14.3.rel1/arm-none-eabi/bin/../arm-none-eabi/lib] ==> dir [/Applications/ArmGNUToolchain/14.3.rel1/arm-none-eabi/bin/../arm-none-eabi/lib]
    arg [--build-id=none] ==> ignore
    arg [CMakeFiles/cmTC_48bcb.dir/CMakeCCompilerABI.c.o] ==> ignore
  collapse library dir [/Applications/ArmGNUToolchain/14.3.rel1/arm-none-eabi/bin/../lib/gcc/arm-none-eabi/14.3.1/thumb/v6-m/nofp] ==> [/Applications/ArmGNUToolchain/14.3.rel1/arm-none-eabi/lib/gcc/arm-none-eabi/14.3.1/thumb/v6-m/nofp]
  collapse library dir [/Applications/ArmGNUToolchain/14.3.rel1/arm-none-eabi/bin/../lib/gcc/arm-none-eabi/14.3.1/../../../../arm-none-eabi/lib/thumb/v6-m/nofp] ==> [/Applications/ArmGNUToolchain/14.3.rel1/arm-none-eabi/arm-none-eabi/lib/thumb/v6-m/nofp]
  collapse library dir [/Applications/ArmGNUToolchain/14.3.rel1/arm-none-eabi/bin/../arm-none-eabi/lib/thumb/v6-m/nofp] ==> [/Applications/ArmGNUToolchain/14.3.rel1/arm-none-eabi/arm-none-eabi/lib/thumb/v6-m/nofp]
  collapse library dir [/Applications/ArmGNUToolchain/14.3.rel1/arm-none-eabi/bin/../lib/gcc/arm-none-eabi/14.3.1] ==> [/Applications/ArmGNUToolchain/14.3.rel1/arm-none-eabi/lib/gcc/arm-none-eabi/14.3.1]
  collapse library dir [/Applications/ArmGNUToolchain/14.3.rel1/arm-none-eabi/bin/../lib/gcc] ==> [/Applications/ArmGNUToolchain/14.3.rel1/arm-none-eabi/lib/gcc]
  collapse library dir [/Applications/ArmGNUToolchain/14.3.rel1/arm-none-eabi/bin/../lib/gcc/arm-none-eabi/14.3.1/../../../../arm-none-eabi/lib] ==> [/Applications/ArmGNUToolchain/14.3.rel1/arm-none-eabi/arm-none-eabi/lib]
  collapse library dir [/Applications/ArmGNUToolchain/14.3.rel1/arm-none-eabi/bin/../arm-none-eabi/lib] ==> [/Applications/ArmGNUToolchain/14.3.rel1/arm-none-eabi/arm-none-eabi/lib]
  implicit libs: []
  implicit objs: []
  implicit dirs: [/Applications/ArmGNUToolchain/14.3.rel1/arm-none-eabi/lib/gcc/arm-none-eabi/14.3.1/thumb/v6-m/nofp;/Applications/ArmGNUToolchain/14.3.rel1/arm-none-eabi/arm-none-eabi/lib/thumb/v6-m/nofp;/Applications/ArmGNUToolchain/14.3.rel1/arm-none-eabi/lib/gcc/arm-none-eabi/14.3.1;/Applications/ArmGNUToolchain/14.3.rel1/arm-none-eabi/lib/gcc;/Applications/ArmGNUToolchain/14.3.rel1/arm-none-eabi/arm-none-eabi/lib]
  implicit fwks: []


Detecting CXX compiler ABI info compiled with the following output:
Change Dir: /Users/fedurca/het68/het68/build/CMakeFiles/CMakeTmp

Run Build Command(s):/usr/bin/make -f Makefile cmTC_f259c/fast && /Library/Developer/CommandLineTools/usr/bin/make  -f CMakeFiles/cmTC_f259c.dir/build.make CMakeFiles/cmTC_f259c.dir/build
Building CXX object CMakeFiles/cmTC_f259c.dir/CMakeCXXCompilerABI.cpp.o
/Applications/ArmGNUToolchain/14.3.rel1/arm-none-eabi/bin/arm-none-eabi-g++   -mcpu=cortex-m0plus -mthumb    -v -o CMakeFiles/cmTC_f259c.dir/CMakeCXXCompilerABI.cpp.o -c /opt/local/share/cmake-3.24/Modules/CMakeCXXCompilerABI.cpp
Using built-in specs.
COLLECT_GCC=/Applications/ArmGNUToolchain/14.3.rel1/arm-none-eabi/bin/arm-none-eabi-g++
Target: arm-none-eabi
Configured with: /Volumes/data/jenkins/workspace/GNU-toolchain/arm-14/src/gcc/configure --target=arm-none-eabi --prefix=/Volumes/data/jenkins/workspace/GNU-toolchain/arm-14/build-arm-none-eabi/install --with-gmp=/Volumes/data/jenkins/workspace/GNU-toolchain/arm-14/build-arm-none-eabi/host-tools --with-mpfr=/Volumes/data/jenkins/workspace/GNU-toolchain/arm-14/build-arm-none-eabi/host-tools --with-mpc=/Volumes/data/jenkins/workspace/GNU-toolchain/arm-14/build-arm-none-eabi/host-tools --with-isl=/Volumes/data/jenkins/workspace/GNU-toolchain/arm-14/build-arm-none-eabi/host-tools --disable-shared --disable-nls --disable-threads --disable-tls --enable-checking=release --enable-languages=c,c++,fortran --with-newlib --with-gnu-as --with-headers=yes --with-gnu-ld --with-native-system-header-dir=/include --with-sysroot=/Volumes/data/jenkins/workspace/GNU-toolchain/arm-14/build-arm-none-eabi/install/arm-none-eabi --with-bugurl=https://bugs.linaro.org/ --with-multilib-list=aprofile,rmprofile --with-pkgversion='Arm GNU Toolchain 14.3.Rel1 (Build arm-14.174)'
Thread model: single
Supported LTO compression algorithms: zlib
gcc version 14.3.1 20250623 (Arm GNU Toolchain 14.3.Rel1 (Build arm-14.174)) 
COLLECT_GCC_OPTIONS='-mcpu=cortex-m0plus' '-mthumb' '-v' '-o' 'CMakeFiles/cmTC_f259c.dir/CMakeCXXCompilerABI.cpp.o' '-c' '-mfloat-abi=soft' '-mlibarch=armv6s-m' '-march=armv6s-m' '-dumpdir' 'CMakeFiles/cmTC_f259c.dir/'
 /Applications/ArmGNUToolchain/14.3.rel1/arm-none-eabi/bin/../libexec/gcc/arm-none-eabi/14.3.1/cc1plus -quiet -v -imultilib thumb/v6-m/nofp -iprefix /Applications/ArmGNUToolchain/14.3.rel1/arm-none-eabi/bin/../lib/gcc/arm-none-eabi/14.3.1/ -isysroot /Applications/ArmGNUToolchain/14.3.rel1/arm-none-eabi/bin/../arm-none-eabi -D__USES_INITFINI__ /opt/local/share/cmake-3.24/Modules/CMakeCXXCompilerABI.cpp -quiet -dumpdir CMakeFiles/cmTC_f259c.dir/ -dumpbase CMakeCXXCompilerABI.cpp.cpp -dumpbase-ext .cpp -mcpu=cortex-m0plus -mthumb -mfloat-abi=soft -mlibarch=armv6s-m -march=armv6s-m -version -o /var/folders/vh/dlgmkt8x7db54sbrj831vn6m0000gn/T//ccTEeiu1.s
GNU C++17 (Arm GNU Toolchain 14.3.Rel1 (Build arm-14.174)) version 14.3.1 20250623 (arm-none-eabi)
	compiled by GNU C version Apple LLVM 13.0.0 (clang-1300.0.29.30), GMP version 6.2.1, MPFR version 3.1.6, MPC version 1.0.3, isl version isl-0.15-1-g835ea3a-GMP

GGC heuristics: --param ggc-min-expand=100 --param ggc-min-heapsize=131072
ignoring duplicate directory "/Applications/ArmGNUToolchain/14.3.rel1/arm-none-eabi/bin/../lib/gcc/../../lib/gcc/arm-none-eabi/14.3.1/../../../../arm-none-eabi/include/c++/14.3.1"
ignoring duplicate directory "/Applications/ArmGNUToolchain/14.3.rel1/arm-none-eabi/bin/../lib/gcc/../../lib/gcc/arm-none-eabi/14.3.1/../../../../arm-none-eabi/include/c++/14.3.1/arm-none-eabi/thumb/v6-m/nofp"
ignoring duplicate directory "/Applications/ArmGNUToolchain/14.3.rel1/arm-none-eabi/bin/../lib/gcc/../../lib/gcc/arm-none-eabi/14.3.1/../../../../arm-none-eabi/include/c++/14.3.1/backward"
ignoring duplicate directory "/Applications/ArmGNUToolchain/14.3.rel1/arm-none-eabi/bin/../lib/gcc/../../lib/gcc/arm-none-eabi/14.3.1/include"
ignoring nonexistent directory "/Applications/ArmGNUToolchain/14.3.rel1/arm-none-eabi/bin/../arm-none-eabi/usr/local/include"
ignoring duplicate directory "/Applications/ArmGNUToolchain/14.3.rel1/arm-none-eabi/bin/../lib/gcc/../../lib/gcc/arm-none-eabi/14.3.1/include-fixed"
ignoring duplicate directory "/Applications/ArmGNUToolchain/14.3.rel1/arm-none-eabi/bin/../lib/gcc/../../lib/gcc/arm-none-eabi/14.3.1/../../../../arm-none-eabi/include"
ignoring duplicate directory "/Applications/ArmGNUToolchain/14.3.rel1/arm-none-eabi/bin/../arm-none-eabi/include"
#include "..." search starts here:
#include <...> search starts here:
 /Applications/ArmGNUToolchain/14.3.rel1/arm-none-eabi/bin/../lib/gcc/arm-none-eabi/14.3.1/../../../../arm-none-eabi/include/c++/14.3.1
 /Applications/ArmGNUToolchain/14.3.rel1/arm-none-eabi/bin/../lib/gcc/arm-none-eabi/14.3.1/../../../../arm-none-eabi/include/c++/14.3.1/arm-none-eabi/thumb/v6-m/nofp
 /Applications/ArmGNUToolchain/14.3.rel1/arm-none-eabi/bin/../lib/gcc/arm-none-eabi/14.3.1/../../../../arm-none-eabi/include/c++/14.3.1/backward
 /Applications/ArmGNUToolchain/14.3.rel1/arm-none-eabi/bin/../lib/gcc/arm-none-eabi/14.3.1/include
 /Applications/ArmGNUToolchain/14.3.rel1/arm-none-eabi/bin/../lib/gcc/arm-none-eabi/14.3.1/include-fixed
 /Applications/ArmGNUToolchain/14.3.rel1/arm-none-eabi/bin/../lib/gcc/arm-none-eabi/14.3.1/../../../../arm-none-eabi/include
End of search list.
Compiler executable checksum: 6c57f900acea0c6900b46a1b286c42a8
COLLECT_GCC_OPTIONS='-mcpu=cortex-m0plus' '-mthumb' '-v' '-o' 'CMakeFiles/cmTC_f259c.dir/CMakeCXXCompilerABI.cpp.o' '-c' '-mfloat-abi=soft' '-mlibarch=armv6s-m' '-march=armv6s-m' '-dumpdir' 'CMakeFiles/cmTC_f259c.dir/'
 /Applications/ArmGNUToolchain/14.3.rel1/arm-none-eabi/bin/../lib/gcc/arm-none-eabi/14.3.1/../../../../arm-none-eabi/bin/as -v -march=armv6s-m -mfloat-abi=soft -meabi=5 -o CMakeFiles/cmTC_f259c.dir/CMakeCXXCompilerABI.cpp.o /var/folders/vh/dlgmkt8x7db54sbrj831vn6m0000gn/T//ccTEeiu1.s
GNU assembler version 2.44.0 (arm-none-eabi) using BFD version (Arm GNU Toolchain 14.3.Rel1 (Build arm-14.174)) 2.44.0.20250616
COMPILER_PATH=/Applications/ArmGNUToolchain/14.3.rel1/arm-none-eabi/bin/../libexec/gcc/arm-none-eabi/14.3.1/:/Applications/ArmGNUToolchain/14.3.rel1/arm-none-eabi/bin/../libexec/gcc/:/Applications/ArmGNUToolchain/14.3.rel1/arm-none-eabi/bin/../lib/gcc/arm-none-eabi/14.3.1/../../../../arm-none-eabi/bin/
LIBRARY_PATH=/Applications/ArmGNUToolchain/14.3.rel1/arm-none-eabi/bin/../lib/gcc/arm-none-eabi/14.3.1/thumb/v6-m/nofp/:/Applications/ArmGNUToolchain/14.3.rel1/arm-none-eabi/bin/../lib/gcc/arm-none-eabi/14.3.1/../../../../arm-none-eabi/lib/thumb/v6-m/nofp/:/Applications/ArmGNUToolchain/14.3.rel1/arm-none-eabi/bin/../arm-none-eabi/lib/thumb/v6-m/nofp/:/Applications/ArmGNUToolchain/14.3.rel1/arm-none-eabi/bin/../lib/gcc/arm-none-eabi/14.3.1/:/Applications/ArmGNUToolchain/14.3.rel1/arm-none-eabi/bin/../lib/gcc/:/Applications/ArmGNUToolchain/14.3.rel1/arm-none-eabi/bin/../lib/gcc/arm-none-eabi/14.3.1/../../../../arm-none-eabi/lib/:/Applications/ArmGNUToolchain/14.3.rel1/arm-none-eabi/bin/../arm-none-eabi/lib/
COLLECT_GCC_OPTIONS='-mcpu=cortex-m0plus' '-mthumb' '-v' '-o' 'CMakeFiles/cmTC_f259c.dir/CMakeCXXCompilerABI.cpp.o' '-c' '-mfloat-abi=soft' '-mlibarch=armv6s-m' '-march=armv6s-m' '-dumpdir' 'CMakeFiles/cmTC_f259c.dir/CMakeCXXCompilerABI.cpp.'
Linking CXX executable cmTC_f259c.elf
/opt/local/bin/cmake -E cmake_link_script CMakeFiles/cmTC_f259c.dir/link.txt --verbose=1
/Applications/ArmGNUToolchain/14.3.rel1/arm-none-eabi/bin/arm-none-eabi-g++ -mcpu=cortex-m0plus -mthumb  -Wl,--build-id=none -nostdlib  -v CMakeFiles/cmTC_f259c.dir/CMakeCXXCompilerABI.cpp.o -o cmTC_f259c.elf 
Using built-in specs.
COLLECT_GCC=/Applications/ArmGNUToolchain/14.3.rel1/arm-none-eabi/bin/arm-none-eabi-g++
COLLECT_LTO_WRAPPER=/Applications/ArmGNUToolchain/14.3.rel1/arm-none-eabi/bin/../libexec/gcc/arm-none-eabi/14.3.1/lto-wrapper
Target: arm-none-eabi
Configured with: /Volumes/data/jenkins/workspace/GNU-toolchain/arm-14/src/gcc/configure --target=arm-none-eabi --prefix=/Volumes/data/jenkins/workspace/GNU-toolchain/arm-14/build-arm-none-eabi/install --with-gmp=/Volumes/data/jenkins/workspace/GNU-toolchain/arm-14/build-arm-none-eabi/host-tools --with-mpfr=/Volumes/data/jenkins/workspace/GNU-toolchain/arm-14/build-arm-none-eabi/host-tools --with-mpc=/Volumes/data/jenkins/workspace/GNU-toolchain/arm-14/build-arm-none-eabi/host-tools --with-isl=/Volumes/data/jenkins/workspace/GNU-toolchain/arm-14/build-arm-none-eabi/host-tools --disable-shared --disable-nls --disable-threads --disable-tls --enable-checking=release --enable-languages=c,c++,fortran --with-newlib --with-gnu-as --with-headers=yes --with-gnu-ld --with-native-system-header-dir=/include --with-sysroot=/Volumes/data/jenkins/workspace/GNU-toolchain/arm-14/build-arm-none-eabi/install/arm-none-eabi --with-bugurl=https://bugs.linaro.org/ --with-multilib-list=aprofile,rmprofile --with-pkgversion='Arm GNU Toolchain 14.3.Rel1 (Build arm-14.174)'
Thread model: single
Supported LTO compression algorithms: zlib
gcc version 14.3.1 20250623 (Arm GNU Toolchain 14.3.Rel1 (Build arm-14.174)) 
COMPILER_PATH=/Applications/ArmGNUToolchain/14.3.rel1/arm-none-eabi/bin/../libexec/gcc/arm-none-eabi/14.3.1/:/Applications/ArmGNUToolchain/14.3.rel1/arm-none-eabi/bin/../libexec/gcc/:/Applications/ArmGNUToolchain/14.3.rel1/arm-none-eabi/bin/../lib/gcc/arm-none-eabi/14.3.1/../../../../arm-none-eabi/bin/
LIBRARY_PATH=/Applications/ArmGNUToolchain/14.3.rel1/arm-none-eabi/bin/../lib/gcc/arm-none-eabi/14.3.1/thumb/v6-m/nofp/:/Applications/ArmGNUToolchain/14.3.rel1/arm-none-eabi/bin/../lib/gcc/arm-none-eabi/14.3.1/../../../../arm-none-eabi/lib/thumb/v6-m/nofp/:/Applications/ArmGNUToolchain/14.3.rel1/arm-none-eabi/bin/../arm-none-eabi/lib/thumb/v6-m/nofp/:/Applications/ArmGNUToolchain/14.3.rel1/arm-none-eabi/bin/../lib/gcc/arm-none-eabi/14.3.1/:/Applications/ArmGNUToolchain/14.3.rel1/arm-none-eabi/bin/../lib/gcc/:/Applications/ArmGNUToolchain/14.3.rel1/arm-none-eabi/bin/../lib/gcc/arm-none-eabi/14.3.1/../../../../arm-none-eabi/lib/:/Applications/ArmGNUToolchain/14.3.rel1/arm-none-eabi/bin/../arm-none-eabi/lib/
COLLECT_GCC_OPTIONS='-mcpu=cortex-m0plus' '-mthumb' '-nostdlib' '-v' '-o' 'cmTC_f259c.elf' '-mfloat-abi=soft' '-mlibarch=armv6s-m' '-march=armv6s-m' '-dumpdir' 'cmTC_f259c.elf.'
 /Applications/ArmGNUToolchain/14.3.rel1/arm-none-eabi/bin/../libexec/gcc/arm-none-eabi/14.3.1/collect2 -plugin /Applications/ArmGNUToolchain/14.3.rel1/arm-none-eabi/bin/../libexec/gcc/arm-none-eabi/14.3.1/liblto_plugin.so -plugin-opt=/Applications/ArmGNUToolchain/14.3.rel1/arm-none-eabi/bin/../libexec/gcc/arm-none-eabi/14.3.1/lto-wrapper -plugin-opt=-fresolution=/var/folders/vh/dlgmkt8x7db54sbrj831vn6m0000gn/T//cc7Kdn8t.res --sysroot=/Applications/ArmGNUToolchain/14.3.rel1/arm-none-eabi/bin/../arm-none-eabi -X -o cmTC_f259c.elf -L/Applications/ArmGNUToolchain/14.3.rel1/arm-none-eabi/bin/../lib/gcc/arm-none-eabi/14.3.1/thumb/v6-m/nofp -L/Applications/ArmGNUToolchain/14.3.rel1/arm-none-eabi/bin/../lib/gcc/arm-none-eabi/14.3.1/../../../../arm-none-eabi/lib/thumb/v6-m/nofp -L/Applications/ArmGNUToolchain/14.3.rel1/arm-none-eabi/bin/../arm-none-eabi/lib/thumb/v6-m/nofp -L/Applications/ArmGNUToolchain/14.3.rel1/arm-none-eabi/bin/../lib/gcc/arm-none-eabi/14.3.1 -L/Applications/ArmGNUToolchain/14.3.rel1/arm-none-eabi/bin/../lib/gcc -L/Applications/ArmGNUToolchain/14.3.rel1/arm-none-eabi/bin/../lib/gcc/arm-none-eabi/14.3.1/../../../../arm-none-eabi/lib -L/Applications/ArmGNUToolchain/14.3.rel1/arm-none-eabi/bin/../arm-none-eabi/lib --build-id=none CMakeFiles/cmTC_f259c.dir/CMakeCXXCompilerABI.cpp.o
/Applications/ArmGNUToolchain/14.3.rel1/arm-none-eabi/bin/../lib/gcc/arm-none-eabi/14.3.1/../../../../arm-none-eabi/bin/ld: warning: cannot find entry symbol _start; defaulting to 00008000
COLLECT_GCC_OPTIONS='-mcpu=cortex-m0plus' '-mthumb' '-nostdlib' '-v' '-o' 'cmTC_f259c.elf' '-mfloat-abi=soft' '-mlibarch=armv6s-m' '-march=armv6s-m' '-dumpdir' 'cmTC_f259c.elf.'



Parsed CXX implicit include dir info from above output: rv=done
  found start of include info
  found start of implicit include info
    add: [/Applications/ArmGNUToolchain/14.3.rel1/arm-none-eabi/bin/../lib/gcc/arm-none-eabi/14.3.1/../../../../arm-none-eabi/include/c++/14.3.1]
    add: [/Applications/ArmGNUToolchain/14.3.rel1/arm-none-eabi/bin/../lib/gcc/arm-none-eabi/14.3.1/../../../../arm-none-eabi/include/c++/14.3.1/arm-none-eabi/thumb/v6-m/nofp]
    add: [/Applications/ArmGNUToolchain/14.3.rel1/arm-none-eabi/bin/../lib/gcc/arm-none-eabi/14.3.1/../../../../arm-none-eabi/include/c++/14.3.1/backward]
    add: [/Applications/ArmGNUToolchain/14.3.rel1/arm-none-eabi/bin/../lib/gcc/arm-none-eabi/14.3.1/include]
    add: [/Applications/ArmGNUToolchain/14.3.rel1/arm-none-eabi/bin/../lib/gcc/arm-none-eabi/14.3.1/include-fixed]
    add: [/Applications/ArmGNUToolchain/14.3.rel1/arm-none-eabi/bin/../lib/gcc/arm-none-eabi/14.3.1/../../../../arm-none-eabi/include]
  end of search list found
  collapse include dir [/Applications/ArmGNUToolchain/14.3.rel1/arm-none-eabi/bin/../lib/gcc/arm-none-eabi/14.3.1/../../../../arm-none-eabi/include/c++/14.3.1] ==> [/Applications/ArmGNUToolchain/14.3.rel1/arm-none-eabi/arm-none-eabi/include/c++/14.3.1]
  collapse include dir [/Applications/ArmGNUToolchain/14.3.rel1/arm-none-eabi/bin/../lib/gcc/arm-none-eabi/14.3.1/../../../../arm-none-eabi/include/c++/14.3.1/arm-none-eabi/thumb/v6-m/nofp] ==> [/Applications/ArmGNUToolchain/14.3.rel1/arm-none-eabi/arm-none-eabi/include/c++/14.3.1/arm-none-eabi/thumb/v6-m/nofp]
  collapse include dir [/Applications/ArmGNUToolchain/14.3.rel1/arm-none-eabi/bin/../lib/gcc/arm-none-eabi/14.3.1/../../../../arm-none-eabi/include/c++/14.3.1/backward] ==> [/Applications/ArmGNUToolchain/14.3.rel1/arm-none-eabi/arm-none-eabi/include/c++/14.3.1/backward]
  collapse include dir [/Applications/ArmGNUToolchain/14.3.rel1/arm-none-eabi/bin/../lib/gcc/arm-none-eabi/14.3.1/include] ==> [/Applications/ArmGNUToolchain/14.3.rel1/arm-none-eabi/lib/gcc/arm-none-eabi/14.3.1/include]
  collapse include dir [/Applications/ArmGNUToolchain/14.3.rel1/arm-none-eabi/bin/../lib/gcc/arm-none-eabi/14.3.1/include-fixed] ==> [/Applications/ArmGNUToolchain/14.3.rel1/arm-none-eabi/lib/gcc/arm-none-eabi/14.3.1/include-fixed]
  collapse include dir [/Applications/ArmGNUToolchain/14.3.rel1/arm-none-eabi/bin/../lib/gcc/arm-none-eabi/14.3.1/../../../../arm-none-eabi/include] ==> [/Applications/ArmGNUToolchain/14.3.rel1/arm-none-eabi/arm-none-eabi/include]
  implicit include dirs: [/Applications/ArmGNUToolchain/14.3.rel1/arm-none-eabi/arm-none-eabi/include/c++/14.3.1;/Applications/ArmGNUToolchain/14.3.rel1/arm-none-eabi/arm-none-eabi/include/c++/14.3.1/arm-none-eabi/thumb/v6-m/nofp;/Applications/ArmGNUToolchain/14.3.rel1/arm-none-eabi/arm-none-eabi/include/c++/14.3.1/backward;/Applications/ArmGNUToolchain/14.3.rel1/arm-none-eabi/lib/gcc/arm-none-eabi/14.3.1/include;/Applications/ArmGNUToolchain/14.3.rel1/arm-none-eabi/lib/gcc/arm-none-eabi/14.3.1/include-fixed;/Applications/ArmGNUToolchain/14.3.rel1/arm-none-eabi/arm-none-eabi/include]


Parsed CXX implicit link information from above output:
  link line regex: [^( *|.*[/\])(arm-none-eabi-ld|CMAKE_LINK_STARTFILE-NOTFOUND|([^/\]+-)?ld|collect2)[^/\]*( |$)]
  ignore line: [Change Dir: /Users/fedurca/het68/het68/build/CMakeFiles/CMakeTmp]
  ignore line: []
  ignore line: [Run Build Command(s):/usr/bin/make -f Makefile cmTC_f259c/fast && /Library/Developer/CommandLineTools/usr/bin/make  -f CMakeFiles/cmTC_f259c.dir/build.make CMakeFiles/cmTC_f259c.dir/build]
  ignore line: [Building CXX object CMakeFiles/cmTC_f259c.dir/CMakeCXXCompilerABI.cpp.o]
  ignore line: [/Applications/ArmGNUToolchain/14.3.rel1/arm-none-eabi/bin/arm-none-eabi-g++   -mcpu=cortex-m0plus -mthumb    -v -o CMakeFiles/cmTC_f259c.dir/CMakeCXXCompilerABI.cpp.o -c /opt/local/share/cmake-3.24/Modules/CMakeCXXCompilerABI.cpp]
  ignore line: [Using built-in specs.]
  ignore line: [COLLECT_GCC=/Applications/ArmGNUToolchain/14.3.rel1/arm-none-eabi/bin/arm-none-eabi-g++]
  ignore line: [Target: arm-none-eabi]
  ignore line: [Configured with: /Volumes/data/jenkins/workspace/GNU-toolchain/arm-14/src/gcc/configure --target=arm-none-eabi --prefix=/Volumes/data/jenkins/workspace/GNU-toolchain/arm-14/build-arm-none-eabi/install --with-gmp=/Volumes/data/jenkins/workspace/GNU-toolchain/arm-14/build-arm-none-eabi/host-tools --with-mpfr=/Volumes/data/jenkins/workspace/GNU-toolchain/arm-14/build-arm-none-eabi/host-tools --with-mpc=/Volumes/data/jenkins/workspace/GNU-toolchain/arm-14/build-arm-none-eabi/host-tools --with-isl=/Volumes/data/jenkins/workspace/GNU-toolchain/arm-14/build-arm-none-eabi/host-tools --disable-shared --disable-nls --disable-threads --disable-tls --enable-checking=release --enable-languages=c,c++,fortran --with-newlib --with-gnu-as --with-headers=yes --with-gnu-ld --with-native-system-header-dir=/include --with-sysroot=/Volumes/data/jenkins/workspace/GNU-toolchain/arm-14/build-arm-none-eabi/install/arm-none-eabi --with-bugurl=https://bugs.linaro.org/ --with-multilib-list=aprofile,rmprofile --with-pkgversion='Arm GNU Toolchain 14.3.Rel1 (Build arm-14.174)']
  ignore line: [Thread model: single]
  ignore line: [Supported LTO compression algorithms: zlib]
  ignore line: [gcc version 14.3.1 20250623 (Arm GNU Toolchain 14.3.Rel1 (Build arm-14.174)) ]
  ignore line: [COLLECT_GCC_OPTIONS='-mcpu=cortex-m0plus' '-mthumb' '-v' '-o' 'CMakeFiles/cmTC_f259c.dir/CMakeCXXCompilerABI.cpp.o' '-c' '-mfloat-abi=soft' '-mlibarch=armv6s-m' '-march=armv6s-m' '-dumpdir' 'CMakeFiles/cmTC_f259c.dir/']
  ignore line: [ /Applications/ArmGNUToolchain/14.3.rel1/arm-none-eabi/bin/../libexec/gcc/arm-none-eabi/14.3.1/cc1plus -quiet -v -imultilib thumb/v6-m/nofp -iprefix /Applications/ArmGNUToolchain/14.3.rel1/arm-none-eabi/bin/../lib/gcc/arm-none-eabi/14.3.1/ -isysroot /Applications/ArmGNUToolchain/14.3.rel1/arm-none-eabi/bin/../arm-none-eabi -D__USES_INITFINI__ /opt/local/share/cmake-3.24/Modules/CMakeCXXCompilerABI.cpp -quiet -dumpdir CMakeFiles/cmTC_f259c.dir/ -dumpbase CMakeCXXCompilerABI.cpp.cpp -dumpbase-ext .cpp -mcpu=cortex-m0plus -mthumb -mfloat-abi=soft -mlibarch=armv6s-m -march=armv6s-m -version -o /var/folders/vh/dlgmkt8x7db54sbrj831vn6m0000gn/T//ccTEeiu1.s]
  ignore line: [GNU C++17 (Arm GNU Toolchain 14.3.Rel1 (Build arm-14.174)) version 14.3.1 20250623 (arm-none-eabi)]
  ignore line: [	compiled by GNU C version Apple LLVM 13.0.0 (clang-1300.0.29.30)  GMP version 6.2.1  MPFR version 3.1.6  MPC version 1.0.3  isl version isl-0.15-1-g835ea3a-GMP]
  ignore line: []
  ignore line: [GGC heuristics: --param ggc-min-expand=100 --param ggc-min-heapsize=131072]
  ignore line: [ignoring duplicate directory "/Applications/ArmGNUToolchain/14.3.rel1/arm-none-eabi/bin/../lib/gcc/../../lib/gcc/arm-none-eabi/14.3.1/../../../../arm-none-eabi/include/c++/14.3.1"]
  ignore line: [ignoring duplicate directory "/Applications/ArmGNUToolchain/14.3.rel1/arm-none-eabi/bin/../lib/gcc/../../lib/gcc/arm-none-eabi/14.3.1/../../../../arm-none-eabi/include/c++/14.3.1/arm-none-eabi/thumb/v6-m/nofp"]
  ignore line: [ignoring duplicate directory "/Applications/ArmGNUToolchain/14.3.rel1/arm-none-eabi/bin/../lib/gcc/../../lib/gcc/arm-none-eabi/14.3.1/../../../../arm-none-eabi/include/c++/14.3.1/backward"]
  ignore line: [ignoring duplicate directory "/Applications/ArmGNUToolchain/14.3.rel1/arm-none-eabi/bin/../lib/gcc/../../lib/gcc/arm-none-eabi/14.3.1/include"]
  ignore line: [ignoring nonexistent directory "/Applications/ArmGNUToolchain/14.3.rel1/arm-none-eabi/bin/../arm-none-eabi/usr/local/include"]
  ignore line: [ignoring duplicate directory "/Applications/ArmGNUToolchain/14.3.rel1/arm-none-eabi/bin/../lib/gcc/../../lib/gcc/arm-none-eabi/14.3.1/include-fixed"]
  ignore line: [ignoring duplicate directory "/Applications/ArmGNUToolchain/14.3.rel1/arm-none-eabi/bin/../lib/gcc/../../lib/gcc/arm-none-eabi/14.3.1/../../../../arm-none-eabi/include"]
  ignore line: [ignoring duplicate directory "/Applications/ArmGNUToolchain/14.3.rel1/arm-none-eabi/bin/../arm-none-eabi/include"]
  ignore line: [#include "..." search starts here:]
  ignore line: [#include <...> search starts here:]
  ignore line: [ /Applications/ArmGNUToolchain/14.3.rel1/arm-none-eabi/bin/../lib/gcc/arm-none-eabi/14.3.1/../../../../arm-none-eabi/include/c++/14.3.1]
  ignore line: [ /Applications/ArmGNUToolchain/14.3.rel1/arm-none-eabi/bin/../lib/gcc/arm-none-eabi/14.3.1/../../../../arm-none-eabi/include/c++/14.3.1/arm-none-eabi/thumb/v6-m/nofp]
  ignore line: [ /Applications/ArmGNUToolchain/14.3.rel1/arm-none-eabi/bin/../lib/gcc/arm-none-eabi/14.3.1/../../../../arm-none-eabi/include/c++/14.3.1/backward]
  ignore line: [ /Applications/ArmGNUToolchain/14.3.rel1/arm-none-eabi/bin/../lib/gcc/arm-none-eabi/14.3.1/include]
  ignore line: [ /Applications/ArmGNUToolchain/14.3.rel1/arm-none-eabi/bin/../lib/gcc/arm-none-eabi/14.3.1/include-fixed]
  ignore line: [ /Applications/ArmGNUToolchain/14.3.rel1/arm-none-eabi/bin/../lib/gcc/arm-none-eabi/14.3.1/../../../../arm-none-eabi/include]
  ignore line: [End of search list.]
  ignore line: [Compiler executable checksum: 6c57f900acea0c6900b46a1b286c42a8]
  ignore line: [COLLECT_GCC_OPTIONS='-mcpu=cortex-m0plus' '-mthumb' '-v' '-o' 'CMakeFiles/cmTC_f259c.dir/CMakeCXXCompilerABI.cpp.o' '-c' '-mfloat-abi=soft' '-mlibarch=armv6s-m' '-march=armv6s-m' '-dumpdir' 'CMakeFiles/cmTC_f259c.dir/']
  ignore line: [ /Applications/ArmGNUToolchain/14.3.rel1/arm-none-eabi/bin/../lib/gcc/arm-none-eabi/14.3.1/../../../../arm-none-eabi/bin/as -v -march=armv6s-m -mfloat-abi=soft -meabi=5 -o CMakeFiles/cmTC_f259c.dir/CMakeCXXCompilerABI.cpp.o /var/folders/vh/dlgmkt8x7db54sbrj831vn6m0000gn/T//ccTEeiu1.s]
  ignore line: [GNU assembler version 2.44.0 (arm-none-eabi) using BFD version (Arm GNU Toolchain 14.3.Rel1 (Build arm-14.174)) 2.44.0.20250616]
  ignore line: [COMPILER_PATH=/Applications/ArmGNUToolchain/14.3.rel1/arm-none-eabi/bin/../libexec/gcc/arm-none-eabi/14.3.1/:/Applications/ArmGNUToolchain/14.3.rel1/arm-none-eabi/bin/../libexec/gcc/:/Applications/ArmGNUToolchain/14.3.rel1/arm-none-eabi/bin/../lib/gcc/arm-none-eabi/14.3.1/../../../../arm-none-eabi/bin/]
  ignore line: [LIBRARY_PATH=/Applications/ArmGNUToolchain/14.3.rel1/arm-none-eabi/bin/../lib/gcc/arm-none-eabi/14.3.1/thumb/v6-m/nofp/:/Applications/ArmGNUToolchain/14.3.rel1/arm-none-eabi/bin/../lib/gcc/arm-none-eabi/14.3.1/../../../../arm-none-eabi/lib/thumb/v6-m/nofp/:/Applications/ArmGNUToolchain/14.3.rel1/arm-none-eabi/bin/../arm-none-eabi/lib/thumb/v6-m/nofp/:/Applications/ArmGNUToolchain/14.3.rel1/arm-none-eabi/bin/../lib/gcc/arm-none-eabi/14.3.1/:/Applications/ArmGNUToolchain/14.3.rel1/arm-none-eabi/bin/../lib/gcc/:/Applications/ArmGNUToolchain/14.3.rel1/arm-none-eabi/bin/../lib/gcc/arm-none-eabi/14.3.1/../../../../arm-none-eabi/lib/:/Applications/ArmGNUToolchain/14.3.rel1/arm-none-eabi/bin/../arm-none-eabi/lib/]
  ignore line: [COLLECT_GCC_OPTIONS='-mcpu=cortex-m0plus' '-mthumb' '-v' '-o' 'CMakeFiles/cmTC_f259c.dir/CMakeCXXCompilerABI.cpp.o' '-c' '-mfloat-abi=soft' '-mlibarch=armv6s-m' '-march=armv6s-m' '-dumpdir' 'CMakeFiles/cmTC_f259c.dir/CMakeCXXCompilerABI.cpp.']
  ignore line: [Linking CXX executable cmTC_f259c.elf]
  ignore line: [/opt/local/bin/cmake -E cmake_link_script CMakeFiles/cmTC_f259c.dir/link.txt --verbose=1]
  ignore line: [/Applications/ArmGNUToolchain/14.3.rel1/arm-none-eabi/bin/arm-none-eabi-g++ -mcpu=cortex-m0plus -mthumb  -Wl --build-id=none -nostdlib  -v CMakeFiles/cmTC_f259c.dir/CMakeCXXCompilerABI.cpp.o -o cmTC_f259c.elf ]
  ignore line: [Using built-in specs.]
  ignore line: [COLLECT_GCC=/Applications/ArmGNUToolchain/14.3.rel1/arm-none-eabi/bin/arm-none-eabi-g++]
  ignore line: [COLLECT_LTO_WRAPPER=/Applications/ArmGNUToolchain/14.3.rel1/arm-none-eabi/bin/../libexec/gcc/arm-none-eabi/14.3.1/lto-wrapper]
  ignore line: [Target: arm-none-eabi]
  ignore line: [Configured with: /Volumes/data/jenkins/workspace/GNU-toolchain/arm-14/src/gcc/configure --target=arm-none-eabi --prefix=/Volumes/data/jenkins/workspace/GNU-toolchain/arm-14/build-arm-none-eabi/install --with-gmp=/Volumes/data/jenkins/workspace/GNU-toolchain/arm-14/build-arm-none-eabi/host-tools --with-mpfr=/Volumes/data/jenkins/workspace/GNU-toolchain/arm-14/build-arm-none-eabi/host-tools --with-mpc=/Volumes/data/jenkins/workspace/GNU-toolchain/arm-14/build-arm-none-eabi/host-tools --with-isl=/Volumes/data/jenkins/workspace/GNU-toolchain/arm-14/build-arm-none-eabi/host-tools --disable-shared --disable-nls --disable-threads --disable-tls --enable-checking=release --enable-languages=c,c++,fortran --with-newlib --with-gnu-as --with-headers=yes --with-gnu-ld --with-native-system-header-dir=/include --with-sysroot=/Volumes/data/jenkins/workspace/GNU-toolchain/arm-14/build-arm-none-eabi/install/arm-none-eabi --with-bugurl=https://bugs.linaro.org/ --with-multilib-list=aprofile,rmprofile --with-pkgversion='Arm GNU Toolchain 14.3.Rel1 (Build arm-14.174)']
  ignore line: [Thread model: single]
  ignore line: [Supported LTO compression algorithms: zlib]
  ignore line: [gcc version 14.3.1 20250623 (Arm GNU Toolchain 14.3.Rel1 (Build arm-14.174)) ]
  ignore line: [COMPILER_PATH=/Applications/ArmGNUToolchain/14.3.rel1/arm-none-eabi/bin/../libexec/gcc/arm-none-eabi/14.3.1/:/Applications/ArmGNUToolchain/14.3.rel1/arm-none-eabi/bin/../libexec/gcc/:/Applications/ArmGNUToolchain/14.3.rel1/arm-none-eabi/bin/../lib/gcc/arm-none-eabi/14.3.1/../../../../arm-none-eabi/bin/]
  ignore line: [LIBRARY_PATH=/Applications/ArmGNUToolchain/14.3.rel1/arm-none-eabi/bin/../lib/gcc/arm-none-eabi/14.3.1/thumb/v6-m/nofp/:/Applications/ArmGNUToolchain/14.3.rel1/arm-none-eabi/bin/../lib/gcc/arm-none-eabi/14.3.1/../../../../arm-none-eabi/lib/thumb/v6-m/nofp/:/Applications/ArmGNUToolchain/14.3.rel1/arm-none-eabi/bin/../arm-none-eabi/lib/thumb/v6-m/nofp/:/Applications/ArmGNUToolchain/14.3.rel1/arm-none-eabi/bin/../lib/gcc/arm-none-eabi/14.3.1/:/Applications/ArmGNUToolchain/14.3.rel1/arm-none-eabi/bin/../lib/gcc/:/Applications/ArmGNUToolchain/14.3.rel1/arm-none-eabi/bin/../lib/gcc/arm-none-eabi/14.3.1/../../../../arm-none-eabi/lib/:/Applications/ArmGNUToolchain/14.3.rel1/arm-none-eabi/bin/../arm-none-eabi/lib/]
  ignore line: [COLLECT_GCC_OPTIONS='-mcpu=cortex-m0plus' '-mthumb' '-nostdlib' '-v' '-o' 'cmTC_f259c.elf' '-mfloat-abi=soft' '-mlibarch=armv6s-m' '-march=armv6s-m' '-dumpdir' 'cmTC_f259c.elf.']
  link line: [ /Applications/ArmGNUToolchain/14.3.rel1/arm-none-eabi/bin/../libexec/gcc/arm-none-eabi/14.3.1/collect2 -plugin /Applications/ArmGNUToolchain/14.3.rel1/arm-none-eabi/bin/../libexec/gcc/arm-none-eabi/14.3.1/liblto_plugin.so -plugin-opt=/Applications/ArmGNUToolchain/14.3.rel1/arm-none-eabi/bin/../libexec/gcc/arm-none-eabi/14.3.1/lto-wrapper -plugin-opt=-fresolution=/var/folders/vh/dlgmkt8x7db54sbrj831vn6m0000gn/T//cc7Kdn8t.res --sysroot=/Applications/ArmGNUToolchain/14.3.rel1/arm-none-eabi/bin/../arm-none-eabi -X -o cmTC_f259c.elf -L/Applications/ArmGNUToolchain/14.3.rel1/arm-none-eabi/bin/../lib/gcc/arm-none-eabi/14.3.1/thumb/v6-m/nofp -L/Applications/ArmGNUToolchain/14.3.rel1/arm-none-eabi/bin/../lib/gcc/arm-none-eabi/14.3.1/../../../../arm-none-eabi/lib/thumb/v6-m/nofp -L/Applications/ArmGNUToolchain/14.3.rel1/arm-none-eabi/bin/../arm-none-eabi/lib/thumb/v6-m/nofp -L/Applications/ArmGNUToolchain/14.3.rel1/arm-none-eabi/bin/../lib/gcc/arm-none-eabi/14.3.1 -L/Applications/ArmGNUToolchain/14.3.rel1/arm-none-eabi/bin/../lib/gcc -L/Applications/ArmGNUToolchain/14.3.rel1/arm-none-eabi/bin/../lib/gcc/arm-none-eabi/14.3.1/../../../../arm-none-eabi/lib -L/Applications/ArmGNUToolchain/14.3.rel1/arm-none-eabi/bin/../arm-none-eabi/lib --build-id=none CMakeFiles/cmTC_f259c.dir/CMakeCXXCompilerABI.cpp.o]
    arg [/Applications/ArmGNUToolchain/14.3.rel1/arm-none-eabi/bin/../libexec/gcc/arm-none-eabi/14.3.1/collect2] ==> ignore
    arg [-plugin] ==> ignore
    arg [/Applications/ArmGNUToolchain/14.3.rel1/arm-none-eabi/bin/../libexec/gcc/arm-none-eabi/14.3.1/liblto_plugin.so] ==> ignore
    arg [-plugin-opt=/Applications/ArmGNUToolchain/14.3.rel1/arm-none-eabi/bin/../libexec/gcc/arm-none-eabi/14.3.1/lto-wrapper] ==> ignore
    arg [-plugin-opt=-fresolution=/var/folders/vh/dlgmkt8x7db54sbrj831vn6m0000gn/T//cc7Kdn8t.res] ==> ignore
    arg [--sysroot=/Applications/ArmGNUToolchain/14.3.rel1/arm-none-eabi/bin/../arm-none-eabi] ==> ignore
    arg [-X] ==> ignore
    arg [-o] ==> ignore
    arg [cmTC_f259c.elf] ==> ignore
    arg [-L/Applications/ArmGNUToolchain/14.3.rel1/arm-none-eabi/bin/../lib/gcc/arm-none-eabi/14.3.1/thumb/v6-m/nofp] ==> dir [/Applications/ArmGNUToolchain/14.3.rel1/arm-none-eabi/bin/../lib/gcc/arm-none-eabi/14.3.1/thumb/v6-m/nofp]
    arg [-L/Applications/ArmGNUToolchain/14.3.rel1/arm-none-eabi/bin/../lib/gcc/arm-none-eabi/14.3.1/../../../../arm-none-eabi/lib/thumb/v6-m/nofp] ==> dir [/Applications/ArmGNUToolchain/14.3.rel1/arm-none-eabi/bin/../lib/gcc/arm-none-eabi/14.3.1/../../../../arm-none-eabi/lib/thumb/v6-m/nofp]
    arg [-L/Applications/ArmGNUToolchain/14.3.rel1/arm-none-eabi/bin/../arm-none-eabi/lib/thumb/v6-m/nofp] ==> dir [/Applications/ArmGNUToolchain/14.3.rel1/arm-none-eabi/bin/../arm-none-eabi/lib/thumb/v6-m/nofp]
    arg [-L/Applications/ArmGNUToolchain/14.3.rel1/arm-none-eabi/bin/../lib/gcc/arm-none-eabi/14.3.1] ==> dir [/Applications/ArmGNUToolchain/14.3.rel1/arm-none-eabi/bin/../lib/gcc/arm-none-eabi/14.3.1]
    arg [-L/Applications/ArmGNUToolchain/14.3.rel1/arm-none-eabi/bin/../lib/gcc] ==> dir [/Applications/ArmGNUToolchain/14.3.rel1/arm-none-eabi/bin/../lib/gcc]
    arg [-L/Applications/ArmGNUToolchain/14.3.rel1/arm-none-eabi/bin/../lib/gcc/arm-none-eabi/14.3.1/../../../../arm-none-eabi/lib] ==> dir [/Applications/ArmGNUToolchain/14.3.rel1/arm-none-eabi/bin/../lib/gcc/arm-none-eabi/14.3.1/../../../../arm-none-eabi/lib]
    arg [-L/Applications/ArmGNUToolchain/14.3.rel1/arm-none-eabi/bin/../arm-none-eabi/lib] ==> dir [/Applications/ArmGNUToolchain/14.3.rel1/arm-none-eabi/bin/../arm-none-eabi/lib]
    arg [--build-id=none] ==> ignore
    arg [CMakeFiles/cmTC_f259c.dir/CMakeCXXCompilerABI.cpp.o] ==> ignore
  collapse library dir [/Applications/ArmGNUToolchain/14.3.rel1/arm-none-eabi/bin/../lib/gcc/arm-none-eabi/14.3.1/thumb/v6-m/nofp] ==> [/Applications/ArmGNUToolchain/14.3.rel1/arm-none-eabi/lib/gcc/arm-none-eabi/14.3.1/thumb/v6-m/nofp]
  collapse library dir [/Applications/ArmGNUToolchain/14.3.rel1/arm-none-eabi/bin/../lib/gcc/arm-none-eabi/14.3.1/../../../../arm-none-eabi/lib/thumb/v6-m/nofp] ==> [/Applications/ArmGNUToolchain/14.3.rel1/arm-none-eabi/arm-none-eabi/lib/thumb/v6-m/nofp]
  collapse library dir [/Applications/ArmGNUToolchain/14.3.rel1/arm-none-eabi/bin/../arm-none-eabi/lib/thumb/v6-m/nofp] ==> [/Applications/ArmGNUToolchain/14.3.rel1/arm-none-eabi/arm-none-eabi/lib/thumb/v6-m/nofp]
  collapse library dir [/Applications/ArmGNUToolchain/14.3.rel1/arm-none-eabi/bin/../lib/gcc/arm-none-eabi/14.3.1] ==> [/Applications/ArmGNUToolchain/14.3.rel1/arm-none-eabi/lib/gcc/arm-none-eabi/14.3.1]
  collapse library dir [/Applications/ArmGNUToolchain/14.3.rel1/arm-none-eabi/bin/../lib/gcc] ==> [/Applications/ArmGNUToolchain/14.3.rel1/arm-none-eabi/lib/gcc]
  collapse library dir [/Applications/ArmGNUToolchain/14.3.rel1/arm-none-eabi/bin/../lib/gcc/arm-none-eabi/14.3.1/../../../../arm-none-eabi/lib] ==> [/Applications/ArmGNUToolchain/14.3.rel1/arm-none-eabi/arm-none-eabi/lib]
  collapse library dir [/Applications/ArmGNUToolchain/14.3.rel1/arm-none-eabi/bin/../arm-none-eabi/lib] ==> [/Applications/ArmGNUToolchain/14.3.rel1/arm-none-eabi/arm-none-eabi/lib]
  implicit libs: []
  implicit objs: []
  implicit dirs: [/Applications/ArmGNUToolchain/14.3.rel1/arm-none-eabi/lib/gcc/arm-none-eabi/14.3.1/thumb/v6-m/nofp;/Applications/ArmGNUToolchain/14.3.rel1/arm-none-eabi/arm-none-eabi/lib/thumb/v6-m/nofp;/Applications/ArmGNUToolchain/14.3.rel1/arm-none-eabi/lib/gcc/arm-none-eabi/14.3.1;/Applications/ArmGNUToolchain/14.3.rel1/arm-none-eabi/lib/gcc;/Applications/ArmGNUToolchain/14.3.rel1/arm-none-eabi/arm-none-eabi/lib]
  implicit fwks: []


